
> nextjs-fastapi@0.1.0 dev
> concurrently "npm run next-dev" "npm run fastapi-dev"

[1] 
[1] > nextjs-fastapi@0.1.0 fastapi-dev
[1] > pip3 install -r requirements.txt && python -m uvicorn api.index:app --reload
[1] 
[0] 
[0] > nextjs-fastapi@0.1.0 next-dev
[0] > next dev
[0] 
[0] - ready started server on 0.0.0.0:3000, url: http://localhost:3000
[0] - [36minfo[39m Loaded env from C:\Users\HP\Desktop\ZIPPER\WEBFIXX\DEV\Extra Tools\uefa\.env.local
[1] Requirement already satisfied: annotated-types==0.7.0 in c:\python311\lib\site-packages (from -r requirements.txt (line 1)) (0.7.0)
[1] Requirement already satisfied: anyio==4.4.0 in c:\python311\lib\site-packages (from -r requirements.txt (line 2)) (4.4.0)
[1] Requirement already satisfied: cachetools==5.5.0 in c:\python311\lib\site-packages (from -r requirements.txt (line 3)) (5.5.0)
[1] Requirement already satisfied: certifi==2024.8.30 in c:\python311\lib\site-packages (from -r requirements.txt (line 4)) (2024.8.30)
[1] Requirement already satisfied: cffi==1.17.1 in c:\python311\lib\site-packages (from -r requirements.txt (line 5)) (1.17.1)
[1] Requirement already satisfied: charset-normalizer==3.3.2 in c:\python311\lib\site-packages (from -r requirements.txt (line 6)) (3.3.2)
[1] Requirement already satisfied: click==8.1.7 in c:\python311\lib\site-packages (from -r requirements.txt (line 7)) (8.1.7)
[1] Requirement already satisfied: cryptography==43.0.1 in c:\users\hp\appdata\roaming\python\python311\site-packages (from -r requirements.txt (line 8)) (43.0.1)
[1] Requirement already satisfied: exceptiongroup==1.2.2 in c:\python311\lib\site-packages (from -r requirements.txt (line 9)) (1.2.2)
[1] Requirement already satisfied: fastapi==0.113.0 in c:\users\hp\appdata\roaming\python\python311\site-packages (from -r requirements.txt (line 10)) (0.113.0)
[1] Requirement already satisfied: h11==0.14.0 in c:\python311\lib\site-packages (from -r requirements.txt (line 11)) (0.14.0)
[1] Requirement already satisfied: httpcore==1.0.5 in c:\python311\lib\site-packages (from -r requirements.txt (line 12)) (1.0.5)
[1] Requirement already satisfied: httptools==0.6.1 in c:\python311\lib\site-packages (from -r requirements.txt (line 13)) (0.6.1)
[1] Requirement already satisfied: httpx==0.27.2 in c:\users\hp\appdata\roaming\python\python311\site-packages (from -r requirements.txt (line 14)) (0.27.2)
[1] Requirement already satisfied: idna==3.8 in c:\python311\lib\site-packages (from -r requirements.txt (line 15)) (3.8)
[1] Requirement already satisfied: itsdangerous==2.2.0 in c:\python311\lib\site-packages (from -r requirements.txt (line 16)) (2.2.0)
[1] Requirement already satisfied: oauthlib==3.2.2 in c:\python311\lib\site-packages (from -r requirements.txt (line 17)) (3.2.2)
[1] Requirement already satisfied: pyasn1==0.6.0 in c:\python311\lib\site-packages (from -r requirements.txt (line 18)) (0.6.0)
[1] Requirement already satisfied: pyasn1_modules==0.4.0 in c:\python311\lib\site-packages (from -r requirements.txt (line 19)) (0.4.0)
[1] Requirement already satisfied: pycparser==2.22 in c:\python311\lib\site-packages (from -r requirements.txt (line 20)) (2.22)
[1] Requirement already satisfied: pydantic==2.9.0 in c:\python311\lib\site-packages (from -r requirements.txt (line 21)) (2.9.0)
[1] Requirement already satisfied: pydantic_core==2.23.2 in c:\python311\lib\site-packages (from -r requirements.txt (line 22)) (2.23.2)
[1] Requirement already satisfied: PyJWT==2.9.0 in c:\python311\lib\site-packages (from -r requirements.txt (line 23)) (2.9.0)
[1] Requirement already satisfied: pyparsing==3.1.4 in c:\python311\lib\site-packages (from -r requirements.txt (line 24)) (3.1.4)
[1] Requirement already satisfied: python-dateutil==2.9.0.post0 in c:\python311\lib\site-packages (from -r requirements.txt (line 25)) (2.9.0.post0)
[1] Requirement already satisfied: python-dotenv==1.0.1 in c:\python311\lib\site-packages (from -r requirements.txt (line 26)) (1.0.1)
[1] Requirement already satisfied: python-multipart==0.0.9 in c:\python311\lib\site-packages (from -r requirements.txt (line 27)) (0.0.9)
[1] Requirement already satisfied: pytz==2024.1 in c:\python311\lib\site-packages (from -r requirements.txt (line 28)) (2024.1)
[1] Requirement already satisfied: PyYAML==6.0.1 in c:\python311\lib\site-packages (from -r requirements.txt (line 29)) (6.0.1)
[1] Requirement already satisfied: requests==2.32.3 in c:\python311\lib\site-packages (from -r requirements.txt (line 30)) (2.32.3)
[1] Requirement already satisfied: requests-oauthlib<2.0.0 in c:\python311\lib\site-packages (from -r requirements.txt (line 31)) (1.3.1)
[1] Requirement already satisfied: rsa==4.9 in c:\python311\lib\site-packages (from -r requirements.txt (line 32)) (4.9)
[1] Requirement already satisfied: six==1.16.0 in c:\python311\lib\site-packages (from -r requirements.txt (line 33)) (1.16.0)
[1] Requirement already satisfied: sniffio==1.3.1 in c:\python311\lib\site-packages (from -r requirements.txt (line 34)) (1.3.1)
[1] Requirement already satisfied: starlette==0.38.4 in c:\users\hp\appdata\roaming\python\python311\site-packages (from -r requirements.txt (line 35)) (0.38.4)
[1] Requirement already satisfied: typing_extensions==4.12.2 in c:\python311\lib\site-packages (from -r requirements.txt (line 36)) (4.12.2)
[1] Requirement already satisfied: tzdata==2024.1 in c:\python311\lib\site-packages (from -r requirements.txt (line 37)) (2024.1)
[1] Requirement already satisfied: uritemplate==4.1.1 in c:\python311\lib\site-packages (from -r requirements.txt (line 38)) (4.1.1)
[1] Requirement already satisfied: urllib3==2.2.2 in c:\python311\lib\site-packages (from -r requirements.txt (line 39)) (2.2.2)
[1] Requirement already satisfied: uvicorn==0.30.6 in c:\users\hp\appdata\roaming\python\python311\site-packages (from -r requirements.txt (line 40)) (0.30.6)
[1] Requirement already satisfied: watchfiles==0.22.0 in c:\users\hp\appdata\roaming\python\python311\site-packages (from -r requirements.txt (line 42)) (0.22.0)
[1] Requirement already satisfied: websockets==12.0 in c:\python311\lib\site-packages (from -r requirements.txt (line 43)) (12.0)
[1] Requirement already satisfied: colorama in c:\python311\lib\site-packages (from click==8.1.7->-r requirements.txt (line 7)) (0.4.6)
[0] - [33mwarn[39m [1mYou have enabled experimental feature (serverComponentsExternalPackages) in next.config.js.[22m
[0] - [33mwarn[39m Experimental features are not covered by semver, and may cause unexpected or broken application behavior. Use at your own risk.
[0] 
[1] 
[1] [notice] A new release of pip is available: 24.2 -> 26.1.1
[1] [notice] To update, run: python.exe -m pip install --upgrade pip
[1] INFO:     Will watch for changes in these directories: ['C:\\Users\\HP\\Desktop\\ZIPPER\\WEBFIXX\\DEV\\Extra Tools\\uefa']
[1] INFO:     Uvicorn running on http://127.0.0.1:8000 (Press CTRL+C to quit)
[1] INFO:     Started reloader process [5212] using WatchFiles
[1] INFO:     Started server process [30760]
[1] INFO:     Waiting for application startup.
[1] INFO:     Application startup complete.
[0] - [35mevent[39m compiled client and server successfully in 7.7s (313 modules)
[0] - [36mwait[39m compiling...
[0] - [36mwait[39m compiling /secure/myaccount/tickets/[id]/page (client and server)...
[0] Browserslist: caniuse-lite is outdated. Please run:
[0]   npx update-browserslist-db@latest
[0]   Why you should do it regularly: https://github.com/browserslist/update-db#readme
[0] - [33mwarn[39m ./app/secure/myaccount/tickets/[id]/page.tsx
[0] Attempted import error: 'faCameraSlash' is not exported from '@fortawesome/free-solid-svg-icons' (imported as 'faCameraSlash').
[0] 
[0] Import trace for requested module:
[0] ./app/secure/myaccount/tickets/[id]/page.tsx
[0] 
[0] ./app/secure/myaccount/tickets/[id]/page.tsx
[0] Attempted import error: 'faCameraSlash' is not exported from '@fortawesome/free-solid-svg-icons' (imported as 'faCameraSlash').
[0] 
[0] Import trace for requested module:
[0] ./app/secure/myaccount/tickets/[id]/page.tsx
[0] - [36mwait[39m compiling...
[0] - [33mwarn[39m ./app/secure/myaccount/tickets/[id]/page.tsx
[0] Attempted import error: 'faCameraSlash' is not exported from '@fortawesome/free-solid-svg-icons' (imported as 'faCameraSlash').
[0] 
[0] Import trace for requested module:
[0] ./app/secure/myaccount/tickets/[id]/page.tsx
[0] 
[0] ./app/secure/myaccount/tickets/[id]/page.tsx
[0] Attempted import error: 'faCameraSlash' is not exported from '@fortawesome/free-solid-svg-icons' (imported as 'faCameraSlash').
[0] 
[0] Import trace for requested module:
[0] ./app/secure/myaccount/tickets/[id]/page.tsx
[0] 
[0] - [33mwarn[39m metadata.metadataBase is not set for resolving social open graph or twitter images, fallbacks to "http://localhost:3000". See https://nextjs.org/docs/app/api-reference/functions/generate-metadata#metadatabase
[0] - [33mwarn[39m ./app/secure/myaccount/tickets/[id]/page.tsx
[0] Attempted import error: 'faCameraSlash' is not exported from '@fortawesome/free-solid-svg-icons' (imported as 'faCameraSlash').
[0] 
[0] Import trace for requested module:
[0] ./app/secure/myaccount/tickets/[id]/page.tsx
[0] 
[0] ./app/secure/myaccount/tickets/[id]/page.tsx
[0] Attempted import error: 'faCameraSlash' is not exported from '@fortawesome/free-solid-svg-icons' (imported as 'faCameraSlash').
[0] 
[0] Import trace for requested module:
[0] ./app/secure/myaccount/tickets/[id]/page.tsx
[0] - [36mwait[39m compiling /secure/myaccount/personal-details/page (client and server)...
[0] - [36mwait[39m compiling /secure/myaccount/manage/page (client and server)...
[0] - [36mwait[39m compiling /secure/myaccount/transfers/page (client and server)...
[0] - [36mwait[39m compiling /secure/myaccount/tickets/page (client and server)...
[0] - [33mwarn[39m ./app/secure/myaccount/tickets/[id]/page.tsx
[0] Attempted import error: 'faCameraSlash' is not exported from '@fortawesome/free-solid-svg-icons' (imported as 'faCameraSlash').
[0] 
[0] Import trace for requested module:
[0] ./app/secure/myaccount/tickets/[id]/page.tsx
[0] 
[0] ./app/secure/myaccount/tickets/[id]/page.tsx
[0] Attempted import error: 'faCameraSlash' is not exported from '@fortawesome/free-solid-svg-icons' (imported as 'faCameraSlash').
[0] 
[0] Import trace for requested module:
[0] ./app/secure/myaccount/tickets/[id]/page.tsx
[0] 
[0] 
[0] 
[0] 
[0] 
[0] 
[0] 
[0] 
[0] 
[0] 
[0] 
[0] 
[0] 
[0] 
[0] 
[0] - [36mwait[39m compiling...
[0] - [33mwarn[39m ./app/secure/myaccount/tickets/[id]/page.tsx
[0] Attempted import error: 'faCameraSlash' is not exported from '@fortawesome/free-solid-svg-icons' (imported as 'faCameraSlash').
[0] 
[0] Import trace for requested module:
[0] ./app/secure/myaccount/tickets/[id]/page.tsx
[0] 
[0] ./app/secure/myaccount/tickets/[id]/page.tsx
[0] Attempted import error: 'faCameraSlash' is not exported from '@fortawesome/free-solid-svg-icons' (imported as 'faCameraSlash').
[0] 
[0] Import trace for requested module:
[0] ./app/secure/myaccount/tickets/[id]/page.tsx
[0] 
[0] 
[0] 
[0] 
[0] 
[0] 
[0] - [33mwarn[39m ./app/secure/myaccount/tickets/[id]/page.tsx
[0] Attempted import error: 'faCameraSlash' is not exported from '@fortawesome/free-solid-svg-icons' (imported as 'faCameraSlash').
[0] 
[0] Import trace for requested module:
[0] ./app/secure/myaccount/tickets/[id]/page.tsx
[0] 
[0] ./app/secure/myaccount/tickets/[id]/page.tsx
[0] Attempted import error: 'faCameraSlash' is not exported from '@fortawesome/free-solid-svg-icons' (imported as 'faCameraSlash').
[0] 
[0] Import trace for requested module:
[0] ./app/secure/myaccount/tickets/[id]/page.tsx
[0] - [36mwait[39m compiling /secure/myaccount/tickets/page (client and server)...
[0] - [33mwarn[39m ./app/secure/myaccount/tickets/[id]/page.tsx
[0] Attempted import error: 'faCameraSlash' is not exported from '@fortawesome/free-solid-svg-icons' (imported as 'faCameraSlash').
[0] 
[0] Import trace for requested module:
[0] ./app/secure/myaccount/tickets/[id]/page.tsx
[0] 
[0] ./app/secure/myaccount/tickets/[id]/page.tsx
[0] Attempted import error: 'faCameraSlash' is not exported from '@fortawesome/free-solid-svg-icons' (imported as 'faCameraSlash').
[0] 
[0] Import trace for requested module:
[0] ./app/secure/myaccount/tickets/[id]/page.tsx
[0] 
[0] - [33mwarn[39m ./app/secure/myaccount/tickets/[id]/page.tsx
[0] Attempted import error: 'faCameraSlash' is not exported from '@fortawesome/free-solid-svg-icons' (imported as 'faCameraSlash').
[0] 
[0] Import trace for requested module:
[0] ./app/secure/myaccount/tickets/[id]/page.tsx
[0] 
[0] ./app/secure/myaccount/tickets/[id]/page.tsx
[0] Attempted import error: 'faCameraSlash' is not exported from '@fortawesome/free-solid-svg-icons' (imported as 'faCameraSlash').
[0] 
[0] Import trace for requested module:
[0] ./app/secure/myaccount/tickets/[id]/page.tsx
[0] - [36mwait[39m compiling /secure/myaccount/personal-details/page (client and server)...
[0] - [33mwarn[39m ./app/secure/myaccount/tickets/[id]/page.tsx
[0] Attempted import error: 'faCameraSlash' is not exported from '@fortawesome/free-solid-svg-icons' (imported as 'faCameraSlash').
[0] 
[0] Import trace for requested module:
[0] ./app/secure/myaccount/tickets/[id]/page.tsx
[0] 
[0] ./app/secure/myaccount/tickets/[id]/page.tsx
[0] Attempted import error: 'faCameraSlash' is not exported from '@fortawesome/free-solid-svg-icons' (imported as 'faCameraSlash').
[0] 
[0] Import trace for requested module:
[0] ./app/secure/myaccount/tickets/[id]/page.tsx
[0] 
[0] - [33mwarn[39m ./app/secure/myaccount/tickets/[id]/page.tsx
[0] Attempted import error: 'faCameraSlash' is not exported from '@fortawesome/free-solid-svg-icons' (imported as 'faCameraSlash').
[0] 
[0] Import trace for requested module:
[0] ./app/secure/myaccount/tickets/[id]/page.tsx
[0] 
[0] ./app/secure/myaccount/tickets/[id]/page.tsx
[0] Attempted import error: 'faCameraSlash' is not exported from '@fortawesome/free-solid-svg-icons' (imported as 'faCameraSlash').
[0] 
[0] Import trace for requested module:
[0] ./app/secure/myaccount/tickets/[id]/page.tsx
[0] - [36mwait[39m compiling /secure/myaccount/manage/page (client and server)...
[0] - [33mwarn[39m ./app/secure/myaccount/tickets/[id]/page.tsx
[0] Attempted import error: 'faCameraSlash' is not exported from '@fortawesome/free-solid-svg-icons' (imported as 'faCameraSlash').
[0] 
[0] Import trace for requested module:
[0] ./app/secure/myaccount/tickets/[id]/page.tsx
[0] 
[0] ./app/secure/myaccount/tickets/[id]/page.tsx
[0] Attempted import error: 'faCameraSlash' is not exported from '@fortawesome/free-solid-svg-icons' (imported as 'faCameraSlash').
[0] 
[0] Import trace for requested module:
[0] ./app/secure/myaccount/tickets/[id]/page.tsx
[0] 
[0] 
[0] - [33mwarn[39m ./app/secure/myaccount/tickets/[id]/page.tsx
[0] Attempted import error: 'faCameraSlash' is not exported from '@fortawesome/free-solid-svg-icons' (imported as 'faCameraSlash').
[0] 
[0] Import trace for requested module:
[0] ./app/secure/myaccount/tickets/[id]/page.tsx
[0] 
[0] ./app/secure/myaccount/tickets/[id]/page.tsx
[0] Attempted import error: 'faCameraSlash' is not exported from '@fortawesome/free-solid-svg-icons' (imported as 'faCameraSlash').
[0] 
[0] Import trace for requested module:
[0] ./app/secure/myaccount/tickets/[id]/page.tsx
[0] - [36mwait[39m compiling /secure/myaccount/transfers/page (client and server)...
[0] - [36mwait[39m compiling /secure/myaccount/personal-details/page (client and server)...
[0] - [33mwarn[39m ./app/secure/myaccount/tickets/[id]/page.tsx
[0] Attempted import error: 'faCameraSlash' is not exported from '@fortawesome/free-solid-svg-icons' (imported as 'faCameraSlash').
[0] 
[0] Import trace for requested module:
[0] ./app/secure/myaccount/tickets/[id]/page.tsx
[0] - [33mwarn[39m ./app/secure/myaccount/tickets/[id]/page.tsx
[0] Attempted import error: 'faCameraSlash' is not exported from '@fortawesome/free-solid-svg-icons' (imported as 'faCameraSlash').
[0] 
[0] Import trace for requested module:
[0] ./app/secure/myaccount/tickets/[id]/page.tsx
[0] - [33mwarn[39m ./app/secure/myaccount/tickets/[id]/page.tsx
[0] Attempted import error: 'faCameraSlash' is not exported from '@fortawesome/free-solid-svg-icons' (imported as 'faCameraSlash').
[0] 
[0] Import trace for requested module:
[0] ./app/secure/myaccount/tickets/[id]/page.tsx
[0] 
[0] 
[0] 
[0] 
[0] - [33mwarn[39m ./app/secure/myaccount/tickets/[id]/page.tsx
[0] Attempted import error: 'faCameraSlash' is not exported from '@fortawesome/free-solid-svg-icons' (imported as 'faCameraSlash').
[0] 
[0] Import trace for requested module:
[0] ./app/secure/myaccount/tickets/[id]/page.tsx
[0] - [36mwait[39m compiling /secure/myaccount/tickets/[id]/page (client and server)...
[0] - [33mwarn[39m ./app/secure/myaccount/tickets/[id]/page.tsx
[0] Attempted import error: 'faCameraSlash' is not exported from '@fortawesome/free-solid-svg-icons' (imported as 'faCameraSlash').
[0] 
[0] Import trace for requested module:
[0] ./app/secure/myaccount/tickets/[id]/page.tsx
[0] 
[0] ./app/secure/myaccount/tickets/[id]/page.tsx
[0] Attempted import error: 'faCameraSlash' is not exported from '@fortawesome/free-solid-svg-icons' (imported as 'faCameraSlash').
[0] 
[0] Import trace for requested module:
[0] ./app/secure/myaccount/tickets/[id]/page.tsx
[0] 
[0] - [33mwarn[39m ./app/secure/myaccount/tickets/[id]/page.tsx
[0] Attempted import error: 'faCameraSlash' is not exported from '@fortawesome/free-solid-svg-icons' (imported as 'faCameraSlash').
[0] 
[0] Import trace for requested module:
[0] ./app/secure/myaccount/tickets/[id]/page.tsx
[0] 
[0] ./app/secure/myaccount/tickets/[id]/page.tsx
[0] Attempted import error: 'faCameraSlash' is not exported from '@fortawesome/free-solid-svg-icons' (imported as 'faCameraSlash').
[0] 
[0] Import trace for requested module:
[0] ./app/secure/myaccount/tickets/[id]/page.tsx
[0] - [36mwait[39m compiling /secure/myaccount/transfers/[id]/page (client and server)...
[0] - [33mwarn[39m ./app/secure/myaccount/tickets/[id]/page.tsx
[0] Attempted import error: 'faCameraSlash' is not exported from '@fortawesome/free-solid-svg-icons' (imported as 'faCameraSlash').
[0] 
[0] Import trace for requested module:
[0] ./app/secure/myaccount/tickets/[id]/page.tsx
[0] 
[0] 
[0] 
[0] 
[0] - [33mwarn[39m ./app/secure/myaccount/tickets/[id]/page.tsx
[0] Attempted import error: 'faCameraSlash' is not exported from '@fortawesome/free-solid-svg-icons' (imported as 'faCameraSlash').
[0] 
[0] Import trace for requested module:
[0] ./app/secure/myaccount/tickets/[id]/page.tsx
[0] - [36mwait[39m compiling /secure/myaccount/personal-details/page (client and server)...
[0] - [33mwarn[39m ./app/secure/myaccount/tickets/[id]/page.tsx
[0] Attempted import error: 'faCameraSlash' is not exported from '@fortawesome/free-solid-svg-icons' (imported as 'faCameraSlash').
[0] 
[0] Import trace for requested module:
[0] ./app/secure/myaccount/tickets/[id]/page.tsx
[0] 
[0] - [33mwarn[39m ./app/secure/myaccount/tickets/[id]/page.tsx
[0] Attempted import error: 'faCameraSlash' is not exported from '@fortawesome/free-solid-svg-icons' (imported as 'faCameraSlash').
[0] 
[0] Import trace for requested module:
[0] ./app/secure/myaccount/tickets/[id]/page.tsx
[0] - [36mwait[39m compiling /secure/myaccount/transfers/page (client and server)...
[0] - [33mwarn[39m ./app/secure/myaccount/tickets/[id]/page.tsx
[0] Attempted import error: 'faCameraSlash' is not exported from '@fortawesome/free-solid-svg-icons' (imported as 'faCameraSlash').
[0] 
[0] Import trace for requested module:
[0] ./app/secure/myaccount/tickets/[id]/page.tsx
[0] 
[0] - [33mwarn[39m ./app/secure/myaccount/tickets/[id]/page.tsx
[0] Attempted import error: 'faCameraSlash' is not exported from '@fortawesome/free-solid-svg-icons' (imported as 'faCameraSlash').
[0] 
[0] Import trace for requested module:
[0] ./app/secure/myaccount/tickets/[id]/page.tsx
[0] - [36mwait[39m compiling /secure/myaccount/manage/page (client and server)...
[0] - [33mwarn[39m ./app/secure/myaccount/tickets/[id]/page.tsx
[0] Attempted import error: 'faCameraSlash' is not exported from '@fortawesome/free-solid-svg-icons' (imported as 'faCameraSlash').
[0] 
[0] Import trace for requested module:
[0] ./app/secure/myaccount/tickets/[id]/page.tsx
[0] - [33mwarn[39m ./app/secure/myaccount/tickets/[id]/page.tsx
[0] Attempted import error: 'faCameraSlash' is not exported from '@fortawesome/free-solid-svg-icons' (imported as 'faCameraSlash').
[0] 
[0] Import trace for requested module:
[0] ./app/secure/myaccount/tickets/[id]/page.tsx
[0] - [36mwait[39m compiling /secure/myaccount/tickets/page (client and server)...
[0] - [33mwarn[39m ./app/secure/myaccount/tickets/[id]/page.tsx
[0] Attempted import error: 'faCameraSlash' is not exported from '@fortawesome/free-solid-svg-icons' (imported as 'faCameraSlash').
[0] 
[0] Import trace for requested module:
[0] ./app/secure/myaccount/tickets/[id]/page.tsx
[0] - [36mwait[39m compiling...
[0] - [33mwarn[39m ./app/secure/myaccount/tickets/[id]/page.tsx
[0] Attempted import error: 'faCameraSlash' is not exported from '@fortawesome/free-solid-svg-icons' (imported as 'faCameraSlash').
[0] 
[0] Import trace for requested module:
[0] ./app/secure/myaccount/tickets/[id]/page.tsx
[0] - [36mwait[39m compiling...
[0] - [33mwarn[39m ./app/secure/myaccount/tickets/[id]/page.tsx
[0] Attempted import error: 'faCameraSlash' is not exported from '@fortawesome/free-solid-svg-icons' (imported as 'faCameraSlash').
[0] 
[0] Import trace for requested module:
[0] ./app/secure/myaccount/tickets/[id]/page.tsx
[0] - [36mwait[39m compiling...
[0] - [33mwarn[39m ./app/secure/myaccount/tickets/[id]/page.tsx
[0] Attempted import error: 'faCameraSlash' is not exported from '@fortawesome/free-solid-svg-icons' (imported as 'faCameraSlash').
[0] 
[0] Import trace for requested module:
[0] ./app/secure/myaccount/tickets/[id]/page.tsx
[0] - [36mwait[39m compiling...
[0] - [33mwarn[39m ./app/secure/myaccount/tickets/[id]/page.tsx
[0] Attempted import error: 'faCameraSlash' is not exported from '@fortawesome/free-solid-svg-icons' (imported as 'faCameraSlash').
[0] 
[0] Import trace for requested module:
[0] ./app/secure/myaccount/tickets/[id]/page.tsx
[0] - [33mwarn[39m ./app/secure/myaccount/tickets/[id]/page.tsx
[0] Attempted import error: 'faCameraSlash' is not exported from '@fortawesome/free-solid-svg-icons' (imported as 'faCameraSlash').
[0] 
[0] Import trace for requested module:
[0] ./app/secure/myaccount/tickets/[id]/page.tsx
[0] - [33mwarn[39m ./app/secure/myaccount/tickets/[id]/page.tsx
[0] Attempted import error: 'faCameraSlash' is not exported from '@fortawesome/free-solid-svg-icons' (imported as 'faCameraSlash').
[0] 
[0] Import trace for requested module:
[0] ./app/secure/myaccount/tickets/[id]/page.tsx
[0] 
[0] 
[0] 
[0] 
[0] - [33mwarn[39m ./app/secure/myaccount/tickets/[id]/page.tsx
[0] Attempted import error: 'faCameraSlash' is not exported from '@fortawesome/free-solid-svg-icons' (imported as 'faCameraSlash').
[0] 
[0] Import trace for requested module:
[0] ./app/secure/myaccount/tickets/[id]/page.tsx
[0] - [36mwait[39m compiling /secure/myaccount/transfers/[id]/page (client and server)...
[0] - [33mwarn[39m ./app/secure/myaccount/tickets/[id]/page.tsx
[0] Attempted import error: 'faCameraSlash' is not exported from '@fortawesome/free-solid-svg-icons' (imported as 'faCameraSlash').
[0] 
[0] Import trace for requested module:
[0] ./app/secure/myaccount/tickets/[id]/page.tsx
[0] 
[0] - [36mwait[39m compiling...
[0] - [33mwarn[39m ./app/secure/myaccount/tickets/[id]/page.tsx
[0] Attempted import error: 'faCameraSlash' is not exported from '@fortawesome/free-solid-svg-icons' (imported as 'faCameraSlash').
[0] 
[0] Import trace for requested module:
[0] ./app/secure/myaccount/tickets/[id]/page.tsx
[0] 
[0] - [33mwarn[39m ./app/secure/myaccount/tickets/[id]/page.tsx
[0] Attempted import error: 'faCameraSlash' is not exported from '@fortawesome/free-solid-svg-icons' (imported as 'faCameraSlash').
[0] 
[0] Import trace for requested module:
[0] ./app/secure/myaccount/tickets/[id]/page.tsx
[0] - [36mwait[39m compiling /secure/myaccount/tickets/page (client and server)...
[0] - [33mwarn[39m ./app/secure/myaccount/tickets/[id]/page.tsx
[0] Attempted import error: 'faCameraSlash' is not exported from '@fortawesome/free-solid-svg-icons' (imported as 'faCameraSlash').
[0] 
[0] Import trace for requested module:
[0] ./app/secure/myaccount/tickets/[id]/page.tsx
[0] 
[0] 
[0] 
[0] 
[0] 
[0] 
[0] 
[0] 
[0] - [33mwarn[39m ./app/secure/myaccount/tickets/[id]/page.tsx
[0] Attempted import error: 'faCameraSlash' is not exported from '@fortawesome/free-solid-svg-icons' (imported as 'faCameraSlash').
[0] 
[0] Import trace for requested module:
[0] ./app/secure/myaccount/tickets/[id]/page.tsx
[0] - [36mwait[39m compiling /secure/myaccount/tickets/[id]/page (client and server)...
[0] - [33mwarn[39m ./app/secure/myaccount/tickets/[id]/page.tsx
[0] Attempted import error: 'faCameraSlash' is not exported from '@fortawesome/free-solid-svg-icons' (imported as 'faCameraSlash').
[0] 
[0] Import trace for requested module:
[0] ./app/secure/myaccount/tickets/[id]/page.tsx
[0] 
[0] ./app/secure/myaccount/tickets/[id]/page.tsx
[0] Attempted import error: 'faCameraSlash' is not exported from '@fortawesome/free-solid-svg-icons' (imported as 'faCameraSlash').
[0] 
[0] Import trace for requested module:
[0] ./app/secure/myaccount/tickets/[id]/page.tsx
[0] 
[0] 
[0] 
[0] - [33mwarn[39m ./app/secure/myaccount/tickets/[id]/page.tsx
[0] Attempted import error: 'faCameraSlash' is not exported from '@fortawesome/free-solid-svg-icons' (imported as 'faCameraSlash').
[0] 
[0] Import trace for requested module:
[0] ./app/secure/myaccount/tickets/[id]/page.tsx
[0] 
[0] ./app/secure/myaccount/tickets/[id]/page.tsx
[0] Attempted import error: 'faCameraSlash' is not exported from '@fortawesome/free-solid-svg-icons' (imported as 'faCameraSlash').
[0] 
[0] Import trace for requested module:
[0] ./app/secure/myaccount/tickets/[id]/page.tsx
[0] - [36mwait[39m compiling /secure/myaccount/transfers/page (client and server)...
[0] - [33mwarn[39m ./app/secure/myaccount/tickets/[id]/page.tsx
[0] Attempted import error: 'faCameraSlash' is not exported from '@fortawesome/free-solid-svg-icons' (imported as 'faCameraSlash').
[0] 
[0] Import trace for requested module:
[0] ./app/secure/myaccount/tickets/[id]/page.tsx
[0] 
[0] ./app/secure/myaccount/tickets/[id]/page.tsx
[0] Attempted import error: 'faCameraSlash' is not exported from '@fortawesome/free-solid-svg-icons' (imported as 'faCameraSlash').
[0] 
[0] Import trace for requested module:
[0] ./app/secure/myaccount/tickets/[id]/page.tsx
[0] 
[0] 
[0] 
[0] - [33mwarn[39m ./app/secure/myaccount/tickets/[id]/page.tsx
[0] Attempted import error: 'faCameraSlash' is not exported from '@fortawesome/free-solid-svg-icons' (imported as 'faCameraSlash').
[0] 
[0] Import trace for requested module:
[0] ./app/secure/myaccount/tickets/[id]/page.tsx
[0] 
[0] ./app/secure/myaccount/tickets/[id]/page.tsx
[0] Attempted import error: 'faCameraSlash' is not exported from '@fortawesome/free-solid-svg-icons' (imported as 'faCameraSlash').
[0] 
[0] Import trace for requested module:
[0] ./app/secure/myaccount/tickets/[id]/page.tsx
[0] - [36mwait[39m compiling /secure/myaccount/transfers/[id]/page (client and server)...
[0] - [33mwarn[39m ./app/secure/myaccount/tickets/[id]/page.tsx
[0] Attempted import error: 'faCameraSlash' is not exported from '@fortawesome/free-solid-svg-icons' (imported as 'faCameraSlash').
[0] 
[0] Import trace for requested module:
[0] ./app/secure/myaccount/tickets/[id]/page.tsx
[0] 
[0] ./app/secure/myaccount/tickets/[id]/page.tsx
[0] Attempted import error: 'faCameraSlash' is not exported from '@fortawesome/free-solid-svg-icons' (imported as 'faCameraSlash').
[0] 
[0] Import trace for requested module:
[0] ./app/secure/myaccount/tickets/[id]/page.tsx
[0] 
[0] - [33mwarn[39m ./app/secure/myaccount/tickets/[id]/page.tsx
[0] Attempted import error: 'faCameraSlash' is not exported from '@fortawesome/free-solid-svg-icons' (imported as 'faCameraSlash').
[0] 
[0] Import trace for requested module:
[0] ./app/secure/myaccount/tickets/[id]/page.tsx
[0] 
[0] ./app/secure/myaccount/tickets/[id]/page.tsx
[0] Attempted import error: 'faCameraSlash' is not exported from '@fortawesome/free-solid-svg-icons' (imported as 'faCameraSlash').
[0] 
[0] Import trace for requested module:
[0] ./app/secure/myaccount/tickets/[id]/page.tsx
[0] - [36mwait[39m compiling /secure/myaccount/personal-details/page (client and server)...
[0] - [33mwarn[39m ./app/secure/myaccount/tickets/[id]/page.tsx
[0] Attempted import error: 'faCameraSlash' is not exported from '@fortawesome/free-solid-svg-icons' (imported as 'faCameraSlash').
[0] 
[0] Import trace for requested module:
[0] ./app/secure/myaccount/tickets/[id]/page.tsx
[0] 
[0] 
[0] - [33mwarn[39m ./app/secure/myaccount/tickets/[id]/page.tsx
[0] Attempted import error: 'faCameraSlash' is not exported from '@fortawesome/free-solid-svg-icons' (imported as 'faCameraSlash').
[0] 
[0] Import trace for requested module:
[0] ./app/secure/myaccount/tickets/[id]/page.tsx
[0] - [36mwait[39m compiling /secure/myaccount/manage/page (client and server)...
[0] - [33mwarn[39m ./app/secure/myaccount/tickets/[id]/page.tsx
[0] Attempted import error: 'faCameraSlash' is not exported from '@fortawesome/free-solid-svg-icons' (imported as 'faCameraSlash').
[0] 
[0] Import trace for requested module:
[0] ./app/secure/myaccount/tickets/[id]/page.tsx
[0] 
[0] 
[0] 
[0] 
[0] 
[0] 
[0] 
[0] 
[0] 
[0] - [33mwarn[39m ./app/secure/myaccount/tickets/[id]/page.tsx
[0] Attempted import error: 'faCameraSlash' is not exported from '@fortawesome/free-solid-svg-icons' (imported as 'faCameraSlash').
[0] 
[0] Import trace for requested module:
[0] ./app/secure/myaccount/tickets/[id]/page.tsx
[0] - [36mwait[39m compiling /secure/myaccount/tickets/[id]/page (client and server)...
[0] - [33mwarn[39m ./app/secure/myaccount/tickets/[id]/page.tsx
[0] Attempted import error: 'faCameraSlash' is not exported from '@fortawesome/free-solid-svg-icons' (imported as 'faCameraSlash').
[0] 
[0] Import trace for requested module:
[0] ./app/secure/myaccount/tickets/[id]/page.tsx
[0] 
[0] ./app/secure/myaccount/tickets/[id]/page.tsx
[0] Attempted import error: 'faCameraSlash' is not exported from '@fortawesome/free-solid-svg-icons' (imported as 'faCameraSlash').
[0] 
[0] Import trace for requested module:
[0] ./app/secure/myaccount/tickets/[id]/page.tsx
[0] 
[0] 
[0] 
[0] 
[0] - [36mwait[39m compiling...
[0] - [33mwarn[39m ./app/secure/myaccount/tickets/[id]/page.tsx
[0] Attempted import error: 'faCameraSlash' is not exported from '@fortawesome/free-solid-svg-icons' (imported as 'faCameraSlash').
[0] 
[0] Import trace for requested module:
[0] ./app/secure/myaccount/tickets/[id]/page.tsx
[0] 
[0] ./app/secure/myaccount/tickets/[id]/page.tsx
[0] Attempted import error: 'faCameraSlash' is not exported from '@fortawesome/free-solid-svg-icons' (imported as 'faCameraSlash').
[0] 
[0] Import trace for requested module:
[0] ./app/secure/myaccount/tickets/[id]/page.tsx
[0] - [36mwait[39m compiling...
[0] - [33mwarn[39m ./app/secure/myaccount/tickets/[id]/page.tsx
[0] Attempted import error: 'faCameraSlash' is not exported from '@fortawesome/free-solid-svg-icons' (imported as 'faCameraSlash').
[0] 
[0] Import trace for requested module:
[0] ./app/secure/myaccount/tickets/[id]/page.tsx
[0] 
[0] ./app/secure/myaccount/tickets/[id]/page.tsx
[0] Attempted import error: 'faCameraSlash' is not exported from '@fortawesome/free-solid-svg-icons' (imported as 'faCameraSlash').
[0] 
[0] Import trace for requested module:
[0] ./app/secure/myaccount/tickets/[id]/page.tsx
[0] - [36mwait[39m compiling...
[0] - [33mwarn[39m ./app/secure/myaccount/tickets/[id]/page.tsx
[0] Attempted import error: 'faCameraSlash' is not exported from '@fortawesome/free-solid-svg-icons' (imported as 'faCameraSlash').
[0] 
[0] Import trace for requested module:
[0] ./app/secure/myaccount/tickets/[id]/page.tsx
[0] 
[0] ./app/secure/myaccount/tickets/[id]/page.tsx
[0] Attempted import error: 'faCameraSlash' is not exported from '@fortawesome/free-solid-svg-icons' (imported as 'faCameraSlash').
[0] 
[0] Import trace for requested module:
[0] ./app/secure/myaccount/tickets/[id]/page.tsx
[0] - [36mwait[39m compiling...
[0] - [33mwarn[39m ./app/secure/myaccount/tickets/[id]/page.tsx
[0] Attempted import error: 'faCameraSlash' is not exported from '@fortawesome/free-solid-svg-icons' (imported as 'faCameraSlash').
[0] 
[0] Import trace for requested module:
[0] ./app/secure/myaccount/tickets/[id]/page.tsx
[0] 
[0] ./app/secure/myaccount/tickets/[id]/page.tsx
[0] Attempted import error: 'faCameraSlash' is not exported from '@fortawesome/free-solid-svg-icons' (imported as 'faCameraSlash').
[0] 
[0] Import trace for requested module:
[0] ./app/secure/myaccount/tickets/[id]/page.tsx
[0] 
[0] - [33mwarn[39m ./app/secure/myaccount/tickets/[id]/page.tsx
[0] Attempted import error: 'faCameraSlash' is not exported from '@fortawesome/free-solid-svg-icons' (imported as 'faCameraSlash').
[0] 
[0] Import trace for requested module:
[0] ./app/secure/myaccount/tickets/[id]/page.tsx
[0] 
[0] ./app/secure/myaccount/tickets/[id]/page.tsx
[0] Attempted import error: 'faCameraSlash' is not exported from '@fortawesome/free-solid-svg-icons' (imported as 'faCameraSlash').
[0] 
[0] Import trace for requested module:
[0] ./app/secure/myaccount/tickets/[id]/page.tsx
[0] - [36mwait[39m compiling /secure/myaccount/transfers/page (client and server)...
[0] - [36mwait[39m compiling /secure/myaccount/personal-details/page (client and server)...
[0] 
[0] - [33mwarn[39m ./app/secure/myaccount/tickets/[id]/page.tsx
[0] Attempted import error: 'faCameraSlash' is not exported from '@fortawesome/free-solid-svg-icons' (imported as 'faCameraSlash').
[0] 
[0] Import trace for requested module:
[0] ./app/secure/myaccount/tickets/[id]/page.tsx
[0] 
[0] ./app/secure/myaccount/tickets/[id]/page.tsx
[0] Attempted import error: 'faCameraSlash' is not exported from '@fortawesome/free-solid-svg-icons' (imported as 'faCameraSlash').
[0] 
[0] Import trace for requested module:
[0] ./app/secure/myaccount/tickets/[id]/page.tsx
[0] - [33mwarn[39m ./app/secure/myaccount/tickets/[id]/page.tsx
[0] Attempted import error: 'faCameraSlash' is not exported from '@fortawesome/free-solid-svg-icons' (imported as 'faCameraSlash').
[0] 
[0] Import trace for requested module:
[0] ./app/secure/myaccount/tickets/[id]/page.tsx
[0] 
[0] ./app/secure/myaccount/tickets/[id]/page.tsx
[0] Attempted import error: 'faCameraSlash' is not exported from '@fortawesome/free-solid-svg-icons' (imported as 'faCameraSlash').
[0] 
[0] Import trace for requested module:
[0] ./app/secure/myaccount/tickets/[id]/page.tsx
[0] - [33mwarn[39m ./app/secure/myaccount/tickets/[id]/page.tsx
[0] Attempted import error: 'faCameraSlash' is not exported from '@fortawesome/free-solid-svg-icons' (imported as 'faCameraSlash').
[0] 
[0] Import trace for requested module:
[0] ./app/secure/myaccount/tickets/[id]/page.tsx
[0] 
[0] ./app/secure/myaccount/tickets/[id]/page.tsx
[0] Attempted import error: 'faCameraSlash' is not exported from '@fortawesome/free-solid-svg-icons' (imported as 'faCameraSlash').
[0] 
[0] Import trace for requested module:
[0] ./app/secure/myaccount/tickets/[id]/page.tsx
[0] 
[0] 
[0] 
[0] 
[0] 
[0] 
[0] - [33mwarn[39m ./app/secure/myaccount/tickets/[id]/page.tsx
[0] Attempted import error: 'faCameraSlash' is not exported from '@fortawesome/free-solid-svg-icons' (imported as 'faCameraSlash').
[0] 
[0] Import trace for requested module:
[0] ./app/secure/myaccount/tickets/[id]/page.tsx
[0] 
[0] ./app/secure/myaccount/tickets/[id]/page.tsx
[0] Attempted import error: 'faCameraSlash' is not exported from '@fortawesome/free-solid-svg-icons' (imported as 'faCameraSlash').
[0] 
[0] Import trace for requested module:
[0] ./app/secure/myaccount/tickets/[id]/page.tsx
[0] 
[0] - [36mwait[39m compiling /secure/myaccount/manage/page (client and server)...
[0] - [33mwarn[39m ./app/secure/myaccount/tickets/[id]/page.tsx
[0] Attempted import error: 'faCameraSlash' is not exported from '@fortawesome/free-solid-svg-icons' (imported as 'faCameraSlash').
[0] 
[0] Import trace for requested module:
[0] ./app/secure/myaccount/tickets/[id]/page.tsx
[0] 
[0] ./app/secure/myaccount/tickets/[id]/page.tsx
[0] Attempted import error: 'faCameraSlash' is not exported from '@fortawesome/free-solid-svg-icons' (imported as 'faCameraSlash').
[0] 
[0] Import trace for requested module:
[0] ./app/secure/myaccount/tickets/[id]/page.tsx
[0] 
[0] 
[0] 
[0] 
[0] - [33mwarn[39m ./app/secure/myaccount/tickets/[id]/page.tsx
[0] Attempted import error: 'faCameraSlash' is not exported from '@fortawesome/free-solid-svg-icons' (imported as 'faCameraSlash').
[0] 
[0] Import trace for requested module:
[0] ./app/secure/myaccount/tickets/[id]/page.tsx
[0] 
[0] ./app/secure/myaccount/tickets/[id]/page.tsx
[0] Attempted import error: 'faCameraSlash' is not exported from '@fortawesome/free-solid-svg-icons' (imported as 'faCameraSlash').
[0] 
[0] Import trace for requested module:
[0] ./app/secure/myaccount/tickets/[id]/page.tsx
[0] - [36mwait[39m compiling /secure/myaccount/transfers/[id]/page (client and server)...
[0] - [33mwarn[39m ./app/secure/myaccount/tickets/[id]/page.tsx
[0] Attempted import error: 'faCameraSlash' is not exported from '@fortawesome/free-solid-svg-icons' (imported as 'faCameraSlash').
[0] 
[0] Import trace for requested module:
[0] ./app/secure/myaccount/tickets/[id]/page.tsx
[0] 
[0] 
[0] 
[0] - [36mwait[39m compiling...
[0] - [33mwarn[39m ./app/secure/myaccount/tickets/[id]/page.tsx
[0] Attempted import error: 'faCameraSlash' is not exported from '@fortawesome/free-solid-svg-icons' (imported as 'faCameraSlash').
[0] 
[0] Import trace for requested module:
[0] ./app/secure/myaccount/tickets/[id]/page.tsx
[0] 
[0] 
[0] 
[0] 
[0] 
[0] 
[0] 
[0] - [33mwarn[39m ./app/secure/myaccount/tickets/[id]/page.tsx
[0] Attempted import error: 'faCameraSlash' is not exported from '@fortawesome/free-solid-svg-icons' (imported as 'faCameraSlash').
[0] 
[0] Import trace for requested module:
[0] ./app/secure/myaccount/tickets/[id]/page.tsx
[0] - [36mwait[39m compiling /secure/myaccount/personal-details/page (client and server)...
[0] - [36mwait[39m compiling /secure/myaccount/manage/page (client and server)...
[0] - [33mwarn[39m ./app/secure/myaccount/tickets/[id]/page.tsx
[0] Attempted import error: 'faCameraSlash' is not exported from '@fortawesome/free-solid-svg-icons' (imported as 'faCameraSlash').
[0] 
[0] Import trace for requested module:
[0] ./app/secure/myaccount/tickets/[id]/page.tsx
[0] - [33mwarn[39m ./app/secure/myaccount/tickets/[id]/page.tsx
[0] Attempted import error: 'faCameraSlash' is not exported from '@fortawesome/free-solid-svg-icons' (imported as 'faCameraSlash').
[0] 
[0] Import trace for requested module:
[0] ./app/secure/myaccount/tickets/[id]/page.tsx
[0] - [33mwarn[39m ./app/secure/myaccount/tickets/[id]/page.tsx
[0] Attempted import error: 'faCameraSlash' is not exported from '@fortawesome/free-solid-svg-icons' (imported as 'faCameraSlash').
[0] 
[0] Import trace for requested module:
[0] ./app/secure/myaccount/tickets/[id]/page.tsx
[0] 
[0] 
[0] 
[0] 
[0] - [36minfo[39m Loaded env from C:\Users\HP\Desktop\ZIPPER\WEBFIXX\DEV\Extra Tools\uefa\.env.local
[0] - [36mwait[39m compiling...
[0] - [33mwarn[39m ./app/secure/myaccount/tickets/[id]/page.tsx
[0] Attempted import error: 'faCameraSlash' is not exported from '@fortawesome/free-solid-svg-icons' (imported as 'faCameraSlash').
[0] 
[0] Import trace for requested module:
[0] ./app/secure/myaccount/tickets/[id]/page.tsx
[0] 
[0] - [36mwait[39m compiling...
[0] - [33mwarn[39m ./app/secure/myaccount/tickets/[id]/page.tsx
[0] Attempted import error: 'faCameraSlash' is not exported from '@fortawesome/free-solid-svg-icons' (imported as 'faCameraSlash').
[0] 
[0] Import trace for requested module:
[0] ./app/secure/myaccount/tickets/[id]/page.tsx
[0] - [36mwait[39m compiling...
[0] - [33mwarn[39m ./app/secure/myaccount/tickets/[id]/page.tsx
[0] Attempted import error: 'faCameraSlash' is not exported from '@fortawesome/free-solid-svg-icons' (imported as 'faCameraSlash').
[0] 
[0] Import trace for requested module:
[0] ./app/secure/myaccount/tickets/[id]/page.tsx
[0] - [36mwait[39m compiling...
[0] - [33mwarn[39m ./app/secure/myaccount/tickets/[id]/page.tsx
[0] Attempted import error: 'faCameraSlash' is not exported from '@fortawesome/free-solid-svg-icons' (imported as 'faCameraSlash').
[0] 
[0] Import trace for requested module:
[0] ./app/secure/myaccount/tickets/[id]/page.tsx
[0] - [36mwait[39m compiling...
[0] - [33mwarn[39m ./app/secure/myaccount/tickets/[id]/page.tsx
[0] Attempted import error: 'faCameraSlash' is not exported from '@fortawesome/free-solid-svg-icons' (imported as 'faCameraSlash').
[0] 
[0] Import trace for requested module:
[0] ./app/secure/myaccount/tickets/[id]/page.tsx
[0] - [36mwait[39m compiling...
[0] - [33mwarn[39m ./app/secure/myaccount/tickets/[id]/page.tsx
[0] Attempted import error: 'faCameraSlash' is not exported from '@fortawesome/free-solid-svg-icons' (imported as 'faCameraSlash').
[0] 
[0] Import trace for requested module:
[0] ./app/secure/myaccount/tickets/[id]/page.tsx
[0] - [36mwait[39m compiling...
[0] - [33mwarn[39m ./app/secure/myaccount/tickets/[id]/page.tsx
[0] Attempted import error: 'faCameraSlash' is not exported from '@fortawesome/free-solid-svg-icons' (imported as 'faCameraSlash').
[0] 
[0] Import trace for requested module:
[0] ./app/secure/myaccount/tickets/[id]/page.tsx
[0] - [36mwait[39m compiling...
[0] - [33mwarn[39m ./app/secure/myaccount/tickets/[id]/page.tsx
[0] Attempted import error: 'faCameraSlash' is not exported from '@fortawesome/free-solid-svg-icons' (imported as 'faCameraSlash').
[0] 
[0] Import trace for requested module:
[0] ./app/secure/myaccount/tickets/[id]/page.tsx
[0] - [36mwait[39m compiling...
[0] - [33mwarn[39m ./app/secure/myaccount/tickets/[id]/page.tsx
[0] Attempted import error: 'faCameraSlash' is not exported from '@fortawesome/free-solid-svg-icons' (imported as 'faCameraSlash').
[0] 
[0] Import trace for requested module:
[0] ./app/secure/myaccount/tickets/[id]/page.tsx
[0] - [36mwait[39m compiling...
[0] - [33mwarn[39m ./app/secure/myaccount/tickets/[id]/page.tsx
[0] Attempted import error: 'faCameraSlash' is not exported from '@fortawesome/free-solid-svg-icons' (imported as 'faCameraSlash').
[0] 
[0] Import trace for requested module:
[0] ./app/secure/myaccount/tickets/[id]/page.tsx
[0] - [36mwait[39m compiling...
[0] - [33mwarn[39m ./app/secure/myaccount/tickets/[id]/page.tsx
[0] Attempted import error: 'faCameraSlash' is not exported from '@fortawesome/free-solid-svg-icons' (imported as 'faCameraSlash').
[0] 
[0] Import trace for requested module:
[0] ./app/secure/myaccount/tickets/[id]/page.tsx
[0] - [36mwait[39m compiling...
[0] - [33mwarn[39m ./app/secure/myaccount/tickets/[id]/page.tsx
[0] Attempted import error: 'faCameraSlash' is not exported from '@fortawesome/free-solid-svg-icons' (imported as 'faCameraSlash').
[0] 
[0] Import trace for requested module:
[0] ./app/secure/myaccount/tickets/[id]/page.tsx
[0] - [36mwait[39m compiling...
[0] - [33mwarn[39m ./app/secure/myaccount/tickets/[id]/page.tsx
[0] Attempted import error: 'faCameraSlash' is not exported from '@fortawesome/free-solid-svg-icons' (imported as 'faCameraSlash').
[0] 
[0] Import trace for requested module:
[0] ./app/secure/myaccount/tickets/[id]/page.tsx
[0] - [36mwait[39m compiling...
[0] - [33mwarn[39m ./app/secure/myaccount/tickets/[id]/page.tsx
[0] Attempted import error: 'faCameraSlash' is not exported from '@fortawesome/free-solid-svg-icons' (imported as 'faCameraSlash').
[0] 
[0] Import trace for requested module:
[0] ./app/secure/myaccount/tickets/[id]/page.tsx
[0] - [36mwait[39m compiling...
[0] - [33mwarn[39m ./app/secure/myaccount/tickets/[id]/page.tsx
[0] Attempted import error: 'faCameraSlash' is not exported from '@fortawesome/free-solid-svg-icons' (imported as 'faCameraSlash').
[0] 
[0] Import trace for requested module:
[0] ./app/secure/myaccount/tickets/[id]/page.tsx
[0] - [36mwait[39m compiling...
[0] - [33mwarn[39m ./app/secure/myaccount/tickets/[id]/page.tsx
[0] Attempted import error: 'faCameraSlash' is not exported from '@fortawesome/free-solid-svg-icons' (imported as 'faCameraSlash').
[0] 
[0] Import trace for requested module:
[0] ./app/secure/myaccount/tickets/[id]/page.tsx
[0] - [36mwait[39m compiling...
[0] - [31merror[39m ./app/secure/myaccount/tickets/page.tsx
[0] Error: 
[0]   [31mx[0m the name `setLoggedInAdmin` is defined multiple times
[0]     ,-[[36;1;4mC:\Users\HP\Desktop\ZIPPER\WEBFIXX\DEV\Extra Tools\uefa\app\secure\myaccount\tickets\page.tsx[0m:29:1]
[0]  [2m29[0m |         setLoading,
[0]  [2m30[0m |         setUsers,
[0]  [2m31[0m |         setTickets,
[0]  [2m32[0m |         setLoggedInAdmin
[0]     : [31;1m        ^^^^^^^^|^^^^^^^[0m
[0]     :                 [31;1m`-- [31;1mprevious definition of `setLoggedInAdmin` here[0m[0m
[0]  [2m33[0m |     } = useUser();
[0]  [2m34[0m | 
[0]  [2m35[0m |     const [loggedInAdmin, setLoggedInAdmin] = useState<string | null>(null);
[0]     : [33;1m                          ^^^^^^^^|^^^^^^^[0m
[0]     :                                   [33;1m`-- [33;1m`setLoggedInAdmin` redefined here[0m[0m
[0]  [2m36[0m |     const [filteredTickets, setFilteredTickets] = useState<Ticket[]>([]);
[0]  [2m37[0m |     const [activeTab, setActiveTab] = useState<'upcoming' | 'past'>('upcoming');
[0]  [2m38[0m |     const [isSessionValid, setIsSessionValid] = useState<boolean | null>(null);
[0]     `----
[0] 
[0] Import trace for requested module:
[0] ./app/secure/myaccount/tickets/page.tsx
[0] - [36mwait[39m compiling...
[0] - [33mwarn[39m ./app/secure/myaccount/tickets/[id]/page.tsx
[0] Attempted import error: 'faCameraSlash' is not exported from '@fortawesome/free-solid-svg-icons' (imported as 'faCameraSlash').
[0] 
[0] Import trace for requested module:
[0] ./app/secure/myaccount/tickets/[id]/page.tsx
[0] - [36mwait[39m compiling...
[0] - [33mwarn[39m ./app/secure/myaccount/tickets/[id]/page.tsx
[0] Attempted import error: 'faCameraSlash' is not exported from '@fortawesome/free-solid-svg-icons' (imported as 'faCameraSlash').
[0] 
[0] Import trace for requested module:
[0] ./app/secure/myaccount/tickets/[id]/page.tsx
[0] - [36mwait[39m compiling...
[0] - [33mwarn[39m ./app/secure/myaccount/tickets/[id]/page.tsx
[0] Attempted import error: 'faCameraSlash' is not exported from '@fortawesome/free-solid-svg-icons' (imported as 'faCameraSlash').
[0] 
[0] Import trace for requested module:
[0] ./app/secure/myaccount/tickets/[id]/page.tsx
[0] - [36mwait[39m compiling...
[0] - [33mwarn[39m ./app/secure/myaccount/tickets/[id]/page.tsx
[0] Attempted import error: 'faCameraSlash' is not exported from '@fortawesome/free-solid-svg-icons' (imported as 'faCameraSlash').
[0] 
[0] Import trace for requested module:
[0] ./app/secure/myaccount/tickets/[id]/page.tsx
[0] - [36mwait[39m compiling...
[0] - [33mwarn[39m ./app/secure/myaccount/tickets/[id]/page.tsx
[0] Attempted import error: 'faCameraSlash' is not exported from '@fortawesome/free-solid-svg-icons' (imported as 'faCameraSlash').
[0] 
[0] Import trace for requested module:
[0] ./app/secure/myaccount/tickets/[id]/page.tsx
[0] - [36mwait[39m compiling...
[0] - [33mwarn[39m ./app/secure/myaccount/tickets/[id]/page.tsx
[0] Attempted import error: 'faCameraSlash' is not exported from '@fortawesome/free-solid-svg-icons' (imported as 'faCameraSlash').
[0] 
[0] Import trace for requested module:
[0] ./app/secure/myaccount/tickets/[id]/page.tsx
[0] - [36mwait[39m compiling...
[0] - [33mwarn[39m ./app/secure/myaccount/tickets/[id]/page.tsx
[0] Attempted import error: 'faCameraSlash' is not exported from '@fortawesome/free-solid-svg-icons' (imported as 'faCameraSlash').
[0] 
[0] Import trace for requested module:
[0] ./app/secure/myaccount/tickets/[id]/page.tsx
[0] 
[0] - [33mwarn[39m ./app/secure/myaccount/tickets/[id]/page.tsx
[0] Attempted import error: 'faCameraSlash' is not exported from '@fortawesome/free-solid-svg-icons' (imported as 'faCameraSlash').
[0] 
[0] Import trace for requested module:
[0] ./app/secure/myaccount/tickets/[id]/page.tsx
[0] - [36mwait[39m compiling /login/page (client and server)...
[0] - [33mwarn[39m ./app/secure/myaccount/tickets/[id]/page.tsx
[0] Attempted import error: 'faCameraSlash' is not exported from '@fortawesome/free-solid-svg-icons' (imported as 'faCameraSlash').
[0] 
[0] Import trace for requested module:
[0] ./app/secure/myaccount/tickets/[id]/page.tsx
[0] - [33mwarn[39m ./app/secure/myaccount/tickets/[id]/page.tsx
[0] Attempted import error: 'faCameraSlash' is not exported from '@fortawesome/free-solid-svg-icons' (imported as 'faCameraSlash').
[0] 
[0] Import trace for requested module:
[0] ./app/secure/myaccount/tickets/[id]/page.tsx
[0] - [36mwait[39m compiling /page (client and server)...
[0] - [33mwarn[39m ./app/secure/myaccount/tickets/[id]/page.tsx
[0] Attempted import error: 'faCameraSlash' is not exported from '@fortawesome/free-solid-svg-icons' (imported as 'faCameraSlash').
[0] 
[0] Import trace for requested module:
[0] ./app/secure/myaccount/tickets/[id]/page.tsx
[0] - [33mwarn[39m ./app/secure/myaccount/tickets/[id]/page.tsx
[0] Attempted import error: 'faCameraSlash' is not exported from '@fortawesome/free-solid-svg-icons' (imported as 'faCameraSlash').
[0] 
[0] Import trace for requested module:
[0] ./app/secure/myaccount/tickets/[id]/page.tsx
[0] - [33mwarn[39m ./app/secure/myaccount/tickets/[id]/page.tsx
[0] Attempted import error: 'faCameraSlash' is not exported from '@fortawesome/free-solid-svg-icons' (imported as 'faCameraSlash').
[0] 
[0] Import trace for requested module:
[0] ./app/secure/myaccount/tickets/[id]/page.tsx
[0] 
[0] 
[0] 
[0] 
[0] 
[0] - [36mwait[39m compiling...
[0] - [33mwarn[39m ./app/secure/myaccount/tickets/[id]/page.tsx
[0] Attempted import error: 'faCameraSlash' is not exported from '@fortawesome/free-solid-svg-icons' (imported as 'faCameraSlash').
[0] 
[0] Import trace for requested module:
[0] ./app/secure/myaccount/tickets/[id]/page.tsx
[0] - [36mwait[39m compiling...
[0] - [33mwarn[39m ./app/secure/myaccount/tickets/[id]/page.tsx
[0] Attempted import error: 'faCameraSlash' is not exported from '@fortawesome/free-solid-svg-icons' (imported as 'faCameraSlash').
[0] 
[0] Import trace for requested module:
[0] ./app/secure/myaccount/tickets/[id]/page.tsx
[0] - [36mwait[39m compiling...
[0] - [33mwarn[39m ./app/secure/myaccount/tickets/[id]/page.tsx
[0] Attempted import error: 'faCameraSlash' is not exported from '@fortawesome/free-solid-svg-icons' (imported as 'faCameraSlash').
[0] 
[0] Import trace for requested module:
[0] ./app/secure/myaccount/tickets/[id]/page.tsx
[0] - [36mwait[39m compiling...
[0] - [33mwarn[39m ./app/secure/myaccount/tickets/[id]/page.tsx
[0] Attempted import error: 'faCameraSlash' is not exported from '@fortawesome/free-solid-svg-icons' (imported as 'faCameraSlash').
[0] 
[0] Import trace for requested module:
[0] ./app/secure/myaccount/tickets/[id]/page.tsx
[0] - [36mwait[39m compiling...
[0] - [33mwarn[39m ./app/secure/myaccount/tickets/[id]/page.tsx
[0] Attempted import error: 'faCameraSlash' is not exported from '@fortawesome/free-solid-svg-icons' (imported as 'faCameraSlash').
[0] 
[0] Import trace for requested module:
[0] ./app/secure/myaccount/tickets/[id]/page.tsx
[0] - [36mwait[39m compiling...
[0] - [33mwarn[39m ./app/secure/myaccount/tickets/[id]/page.tsx
[0] Attempted import error: 'faCameraSlash' is not exported from '@fortawesome/free-solid-svg-icons' (imported as 'faCameraSlash').
[0] 
[0] Import trace for requested module:
[0] ./app/secure/myaccount/tickets/[id]/page.tsx
[0] - [36mwait[39m compiling...
[0] - [33mwarn[39m ./app/secure/myaccount/tickets/[id]/page.tsx
[0] Attempted import error: 'faCameraSlash' is not exported from '@fortawesome/free-solid-svg-icons' (imported as 'faCameraSlash').
[0] 
[0] Import trace for requested module:
[0] ./app/secure/myaccount/tickets/[id]/page.tsx
[0] 
[0] 
[0] 
[0] 
[0] 
[0] 
[0] 
[0] 
[0] - [33mwarn[39m ./app/secure/myaccount/tickets/[id]/page.tsx
[0] Attempted import error: 'faCameraSlash' is not exported from '@fortawesome/free-solid-svg-icons' (imported as 'faCameraSlash').
[0] 
[0] Import trace for requested module:
[0] ./app/secure/myaccount/tickets/[id]/page.tsx
[0] - [36mwait[39m compiling /secure/myaccount/transfers/page (client and server)...
[0] - [36mwait[39m compiling /secure/myaccount/tickets/[id]/page (client and server)...
[0] - [33mwarn[39m ./app/secure/myaccount/tickets/[id]/page.tsx
[0] Attempted import error: 'faCameraSlash' is not exported from '@fortawesome/free-solid-svg-icons' (imported as 'faCameraSlash').
[0] 
[0] Import trace for requested module:
[0] ./app/secure/myaccount/tickets/[id]/page.tsx
[0] - [33mwarn[39m ./app/secure/myaccount/tickets/[id]/page.tsx
[0] Attempted import error: 'faCameraSlash' is not exported from '@fortawesome/free-solid-svg-icons' (imported as 'faCameraSlash').
[0] 
[0] Import trace for requested module:
[0] ./app/secure/myaccount/tickets/[id]/page.tsx
[0] - [33mwarn[39m ./app/secure/myaccount/tickets/[id]/page.tsx
[0] Attempted import error: 'faCameraSlash' is not exported from '@fortawesome/free-solid-svg-icons' (imported as 'faCameraSlash').
[0] 
[0] Import trace for requested module:
[0] ./app/secure/myaccount/tickets/[id]/page.tsx
[0] 
[0] ./app/secure/myaccount/tickets/[id]/page.tsx
[0] Attempted import error: 'faCameraSlash' is not exported from '@fortawesome/free-solid-svg-icons' (imported as 'faCameraSlash').
[0] 
[0] Import trace for requested module:
[0] ./app/secure/myaccount/tickets/[id]/page.tsx
[0] 
[0] 
[0] 
[0] 
[0] 
[0] 
[0] 
[0] 
[0] 
[0] 
[0] - [33mwarn[39m ./app/secure/myaccount/tickets/[id]/page.tsx
[0] Attempted import error: 'faCameraSlash' is not exported from '@fortawesome/free-solid-svg-icons' (imported as 'faCameraSlash').
[0] 
[0] Import trace for requested module:
[0] ./app/secure/myaccount/tickets/[id]/page.tsx
[0] 
[0] ./app/secure/myaccount/tickets/[id]/page.tsx
[0] Attempted import error: 'faCameraSlash' is not exported from '@fortawesome/free-solid-svg-icons' (imported as 'faCameraSlash').
[0] 
[0] Import trace for requested module:
[0] ./app/secure/myaccount/tickets/[id]/page.tsx
[0] - [36mwait[39m compiling /secure/myaccount/personal-details/page (client and server)...
[0] - [33mwarn[39m ./app/secure/myaccount/tickets/[id]/page.tsx
[0] Attempted import error: 'faCameraSlash' is not exported from '@fortawesome/free-solid-svg-icons' (imported as 'faCameraSlash').
[0] 
[0] Import trace for requested module:
[0] ./app/secure/myaccount/tickets/[id]/page.tsx
[0] 
[0] ./app/secure/myaccount/tickets/[id]/page.tsx
[0] Attempted import error: 'faCameraSlash' is not exported from '@fortawesome/free-solid-svg-icons' (imported as 'faCameraSlash').
[0] 
[0] Import trace for requested module:
[0] ./app/secure/myaccount/tickets/[id]/page.tsx
[0] 
[0] 
[0] - [33mwarn[39m ./app/secure/myaccount/tickets/[id]/page.tsx
[0] Attempted import error: 'faCameraSlash' is not exported from '@fortawesome/free-solid-svg-icons' (imported as 'faCameraSlash').
[0] 
[0] Import trace for requested module:
[0] ./app/secure/myaccount/tickets/[id]/page.tsx
[0] 
[0] ./app/secure/myaccount/tickets/[id]/page.tsx
[0] Attempted import error: 'faCameraSlash' is not exported from '@fortawesome/free-solid-svg-icons' (imported as 'faCameraSlash').
[0] 
[0] Import trace for requested module:
[0] ./app/secure/myaccount/tickets/[id]/page.tsx
[0] - [36mwait[39m compiling /secure/myaccount/manage/page (client and server)...
[0] - [33mwarn[39m ./app/secure/myaccount/tickets/[id]/page.tsx
[0] Attempted import error: 'faCameraSlash' is not exported from '@fortawesome/free-solid-svg-icons' (imported as 'faCameraSlash').
[0] 
[0] Import trace for requested module:
[0] ./app/secure/myaccount/tickets/[id]/page.tsx
[0] 
[0] ./app/secure/myaccount/tickets/[id]/page.tsx
[0] Attempted import error: 'faCameraSlash' is not exported from '@fortawesome/free-solid-svg-icons' (imported as 'faCameraSlash').
[0] 
[0] Import trace for requested module:
[0] ./app/secure/myaccount/tickets/[id]/page.tsx
[0] 
[0] 
[0] 
[0] 
[0] 
[0] - [36mwait[39m compiling...
[0] - [33mwarn[39m ./app/secure/myaccount/tickets/[id]/page.tsx
[0] Attempted import error: 'faCameraSlash' is not exported from '@fortawesome/free-solid-svg-icons' (imported as 'faCameraSlash').
[0] 
[0] Import trace for requested module:
[0] ./app/secure/myaccount/tickets/[id]/page.tsx
[0] - [36mwait[39m compiling...
[0] - [33mwarn[39m ./app/secure/myaccount/tickets/[id]/page.tsx
[0] Attempted import error: 'faCameraSlash' is not exported from '@fortawesome/free-solid-svg-icons' (imported as 'faCameraSlash').
[0] 
[0] Import trace for requested module:
[0] ./app/secure/myaccount/tickets/[id]/page.tsx
[0] - [36mwait[39m compiling...
[0] - [33mwarn[39m ./app/secure/myaccount/tickets/[id]/page.tsx
[0] Attempted import error: 'faCameraSlash' is not exported from '@fortawesome/free-solid-svg-icons' (imported as 'faCameraSlash').
[0] 
[0] Import trace for requested module:
[0] ./app/secure/myaccount/tickets/[id]/page.tsx
[0] - [36mwait[39m compiling...
[0] - [33mwarn[39m ./app/secure/myaccount/tickets/[id]/page.tsx
[0] Attempted import error: 'faCameraSlash' is not exported from '@fortawesome/free-solid-svg-icons' (imported as 'faCameraSlash').
[0] 
[0] Import trace for requested module:
[0] ./app/secure/myaccount/tickets/[id]/page.tsx
[0] 
[0] 
[0] 
[0] 
[0] - [33mwarn[39m ./app/secure/myaccount/tickets/[id]/page.tsx
[0] Attempted import error: 'faCameraSlash' is not exported from '@fortawesome/free-solid-svg-icons' (imported as 'faCameraSlash').
[0] 
[0] Import trace for requested module:
[0] ./app/secure/myaccount/tickets/[id]/page.tsx
[0] - [36mwait[39m compiling /ticket-details/[id]/page (client and server)...
[0] - [36mwait[39m compiling /secure/myaccount/tickets/page (client and server)...
[0] - [31merror[39m ./app/ticket-details/[id]/page.tsx
[0] Error: 
[0]   [31mx[0m Unexpected token `div`. Expected jsx identifier
[0]      ,-[[36;1;4mC:\Users\HP\Desktop\ZIPPER\WEBFIXX\DEV\Extra Tools\uefa\app\ticket-details\[id]\page.tsx[0m:194:1]
[0]  [2m194[0m |     const isTicketProcessed = approvalStatus === 'approved' || approvalStatus === 'declined';
[0]  [2m195[0m | 
[0]  [2m196[0m |     return (
[0]  [2m197[0m |       <div className="min-h-screen bg-[#F8F9FA] pt-[140px] lg:pt-[170px]">
[0]      : [31;1m       ^^^[0m
[0]  [2m198[0m |       {/* Hero Section */}
[0]  [2m199[0m |       <div className="relative h-[300px] md:h-[450px]">
[0]  [2m199[0m |         <Image
[0]      `----
[0] 
[0] Caused by:
[0]     Syntax Error
[0] 
[0] Import trace for requested module:
[0] ./app/ticket-details/[id]/page.tsx
[0] - [36mwait[39m compiling /_error (client and server)...
[0] - [33mwarn[39m ./app/secure/myaccount/tickets/[id]/page.tsx
[0] Attempted import error: 'faCameraSlash' is not exported from '@fortawesome/free-solid-svg-icons' (imported as 'faCameraSlash').
[0] 
[0] Import trace for requested module:
[0] ./app/secure/myaccount/tickets/[id]/page.tsx
[0] <w> [webpack.cache.PackFileCacheStrategy] Caching failed for pack: Error: ENOENT: no such file or directory, rename 'C:\Users\HP\Desktop\ZIPPER\WEBFIXX\DEV\Extra Tools\uefa\.next\cache\webpack\client-development-fallback\0.pack_' -> 'C:\Users\HP\Desktop\ZIPPER\WEBFIXX\DEV\Extra Tools\uefa\.next\cache\webpack\client-development-fallback\0.pack'
[0] <w> [webpack.cache.PackFileCacheStrategy] Caching failed for pack: Error: ENOENT: no such file or directory, rename 'C:\Users\HP\Desktop\ZIPPER\WEBFIXX\DEV\Extra Tools\uefa\.next\cache\webpack\client-development-fallback\0.pack_' -> 'C:\Users\HP\Desktop\ZIPPER\WEBFIXX\DEV\Extra Tools\uefa\.next\cache\webpack\client-development-fallback\0.pack'
[0] 
[0] - [33mwarn[39m ./app/secure/myaccount/tickets/[id]/page.tsx
[0] Attempted import error: 'faCameraSlash' is not exported from '@fortawesome/free-solid-svg-icons' (imported as 'faCameraSlash').
[0] 
[0] Import trace for requested module:
[0] ./app/secure/myaccount/tickets/[id]/page.tsx
[0] - [36mwait[39m compiling /not-found (client and server)...
[0] - [33mwarn[39m ./app/secure/myaccount/tickets/[id]/page.tsx
[0] Attempted import error: 'faCameraSlash' is not exported from '@fortawesome/free-solid-svg-icons' (imported as 'faCameraSlash').
[0] 
[0] Import trace for requested module:
[0] ./app/secure/myaccount/tickets/[id]/page.tsx
[0] - [36mwait[39m compiling...
[0] - [33mwarn[39m ./app/secure/myaccount/tickets/[id]/page.tsx
[0] Attempted import error: 'faCameraSlash' is not exported from '@fortawesome/free-solid-svg-icons' (imported as 'faCameraSlash').
[0] 
[0] Import trace for requested module:
[0] ./app/secure/myaccount/tickets/[id]/page.tsx
[0] - [36mwait[39m compiling /ticket-details/[id]/page (client and server)...
[0] - [33mwarn[39m ./app/secure/myaccount/tickets/[id]/page.tsx
[0] Attempted import error: 'faCameraSlash' is not exported from '@fortawesome/free-solid-svg-icons' (imported as 'faCameraSlash').
[0] 
[0] Import trace for requested module:
[0] ./app/secure/myaccount/tickets/[id]/page.tsx
[0] Error [ERR_PACKAGE_PATH_NOT_EXPORTED]: Package subpath './server.edge' is not defined by "exports" in C:\Users\HP\Desktop\ZIPPER\WEBFIXX\DEV\Extra Tools\uefa\node_modules\react-dom\package.json
[0] [90m    at exportsNotFound (node:internal/modules/esm/resolve:303:10)[39m
[0] [90m    at packageExportsResolve (node:internal/modules/esm/resolve:650:9)[39m
[0] [90m    at resolveExports (node:internal/modules/cjs/loader:591:36)[39m
[0] [90m    at Module._findPath (node:internal/modules/cjs/loader:668:31)[39m
[0] [90m    at Module._resolveFilename (node:internal/modules/cjs/loader:1130:27)[39m
[0]     at [90mC:\Users\HP\Desktop\ZIPPER\WEBFIXX\DEV\Extra Tools\uefa\[39mnode_modules\[4mnext[24m\dist\server\require-hook.js:188:36
[0] [90m    at Module._load (node:internal/modules/cjs/loader:985:27)[39m
[0] [90m    at Module.require (node:internal/modules/cjs/loader:1235:19)[39m
[0] [90m    at require (node:internal/modules/helpers:176:18)[39m
[0]     at [90mC:\Users\HP\Desktop\ZIPPER\WEBFIXX\DEV\Extra Tools\uefa\[39mnode_modules\[4mnext[24m\dist\server\app-render\app-render.js:962:37
[0]     at [90mC:\Users\HP\Desktop\ZIPPER\WEBFIXX\DEV\Extra Tools\uefa\[39mnode_modules\[4mnext[24m\dist\server\lib\trace\tracer.js:159:62
[0]     at [90mC:\Users\HP\Desktop\ZIPPER\WEBFIXX\DEV\Extra Tools\uefa\[39mnode_modules\[4mnext[24m\dist\server\lib\trace\tracer.js:117:36
[0]     at NoopContextManager.with [90m(C:\Users\HP\Desktop\ZIPPER\WEBFIXX\DEV\Extra Tools\uefa\[39mnode_modules\[4mnext[24m\dist\compiled\@opentelemetry\api\index.js:1:7057[90m)[39m
[0]     at ContextAPI.with [90m(C:\Users\HP\Desktop\ZIPPER\WEBFIXX\DEV\Extra Tools\uefa\[39mnode_modules\[4mnext[24m\dist\compiled\@opentelemetry\api\index.js:1:516[90m)[39m
[0]     at NoopTracer.startActiveSpan [90m(C:\Users\HP\Desktop\ZIPPER\WEBFIXX\DEV\Extra Tools\uefa\[39mnode_modules\[4mnext[24m\dist\compiled\@opentelemetry\api\index.js:1:18086[90m)[39m
[0]     at ProxyTracer.startActiveSpan [90m(C:\Users\HP\Desktop\ZIPPER\WEBFIXX\DEV\Extra Tools\uefa\[39mnode_modules\[4mnext[24m\dist\compiled\@opentelemetry\api\index.js:1:18847[90m)[39m
[0]     at [90mC:\Users\HP\Desktop\ZIPPER\WEBFIXX\DEV\Extra Tools\uefa\[39mnode_modules\[4mnext[24m\dist\server\lib\trace\tracer.js:106:107
[0]     at NoopContextManager.with [90m(C:\Users\HP\Desktop\ZIPPER\WEBFIXX\DEV\Extra Tools\uefa\[39mnode_modules\[4mnext[24m\dist\compiled\@opentelemetry\api\index.js:1:7057[90m)[39m
[0]     at ContextAPI.with [90m(C:\Users\HP\Desktop\ZIPPER\WEBFIXX\DEV\Extra Tools\uefa\[39mnode_modules\[4mnext[24m\dist\compiled\@opentelemetry\api\index.js:1:516[90m)[39m
[0]     at NextTracerImpl.trace [90m(C:\Users\HP\Desktop\ZIPPER\WEBFIXX\DEV\Extra Tools\uefa\[39mnode_modules\[4mnext[24m\dist\server\lib\trace\tracer.js:106:32[90m)[39m
[0]     at [90mC:\Users\HP\Desktop\ZIPPER\WEBFIXX\DEV\Extra Tools\uefa\[39mnode_modules\[4mnext[24m\dist\server\lib\trace\tracer.js:159:31
[0]     at wrappedRender [90m(C:\Users\HP\Desktop\ZIPPER\WEBFIXX\DEV\Extra Tools\uefa\[39mnode_modules\[4mnext[24m\dist\server\app-render\app-render.js:1009:62[90m)[39m
[0] [90m    at process.processTicksAndRejections (node:internal/process/task_queues:95:5)[39m {
[0]   code: [32m'ERR_PACKAGE_PATH_NOT_EXPORTED'[39m
[0] }
[0] - [31merror[39m ./app/ticket-details/[id]/page.tsx
[0] Error: 
[0]   [31mx[0m Unexpected token `div`. Expected jsx identifier
[0]      ,-[[36;1;4mC:\Users\HP\Desktop\ZIPPER\WEBFIXX\DEV\Extra Tools\uefa\app\ticket-details\[id]\page.tsx[0m:194:1]
[0]  [2m194[0m |     const isTicketProcessed = approvalStatus === 'approved' || approvalStatus === 'declined';
[0]  [2m195[0m | 
[0]  [2m196[0m |     return (
[0]  [2m197[0m |       <div className="min-h-screen bg-[#F8F9FA] pt-[140px] lg:pt-[170px]">
[0]      : [31;1m       ^^^[0m
[0]  [2m198[0m |       {/* Hero Section */}
[0]  [2m199[0m |       <div className="relative h-[300px] md:h-[450px]">
[0]  [2m199[0m |         <Image
[0]      `----
[0] 
[0] Caused by:
[0]     Syntax Error
[0] 
[0] Import trace for requested module:
[0] ./app/ticket-details/[id]/page.tsx
[0] - [33mwarn[39m Fast Refresh had to perform a full reload due to a runtime error.
[0] - [36mwait[39m compiling...
[0] - [33mwarn[39m ./app/secure/myaccount/tickets/[id]/page.tsx
[0] Attempted import error: 'faCameraSlash' is not exported from '@fortawesome/free-solid-svg-icons' (imported as 'faCameraSlash').
[0] 
[0] Import trace for requested module:
[0] ./app/secure/myaccount/tickets/[id]/page.tsx
[0] - [33mwarn[39m ./app/secure/myaccount/tickets/[id]/page.tsx
[0] Attempted import error: 'faCameraSlash' is not exported from '@fortawesome/free-solid-svg-icons' (imported as 'faCameraSlash').
[0] 
[0] Import trace for requested module:
[0] ./app/secure/myaccount/tickets/[id]/page.tsx
[0] - [36mwait[39m compiling /ticket-details/[id]/page (client and server)...
[0] - [33mwarn[39m Fast Refresh had to perform a full reload due to a runtime error.
[0] - [33mwarn[39m ./app/secure/myaccount/tickets/[id]/page.tsx
[0] Attempted import error: 'faCameraSlash' is not exported from '@fortawesome/free-solid-svg-icons' (imported as 'faCameraSlash').
[0] 
[0] Import trace for requested module:
[0] ./app/secure/myaccount/tickets/[id]/page.tsx
[0] 
[0] 
[0] - [33mwarn[39m ./app/secure/myaccount/tickets/[id]/page.tsx
[0] Attempted import error: 'faCameraSlash' is not exported from '@fortawesome/free-solid-svg-icons' (imported as 'faCameraSlash').
[0] 
[0] Import trace for requested module:
[0] ./app/secure/myaccount/tickets/[id]/page.tsx
[0] - [36mwait[39m compiling /invalid/page (client and server)...
[0] - [33mwarn[39m ./app/secure/myaccount/tickets/[id]/page.tsx
[0] Attempted import error: 'faCameraSlash' is not exported from '@fortawesome/free-solid-svg-icons' (imported as 'faCameraSlash').
[0] 
[0] Import trace for requested module:
[0] ./app/secure/myaccount/tickets/[id]/page.tsx
[0] 
[0] 
[0] - [33mwarn[39m ./app/secure/myaccount/tickets/[id]/page.tsx
[0] Attempted import error: 'faCameraSlash' is not exported from '@fortawesome/free-solid-svg-icons' (imported as 'faCameraSlash').
[0] 
[0] Import trace for requested module:
[0] ./app/secure/myaccount/tickets/[id]/page.tsx
[0] - [36mwait[39m compiling /page (client and server)...
[0] - [33mwarn[39m ./app/secure/myaccount/tickets/[id]/page.tsx
[0] Attempted import error: 'faCameraSlash' is not exported from '@fortawesome/free-solid-svg-icons' (imported as 'faCameraSlash').
[0] 
[0] Import trace for requested module:
[0] ./app/secure/myaccount/tickets/[id]/page.tsx
[0] - [33mwarn[39m ./app/secure/myaccount/tickets/[id]/page.tsx
[0] Attempted import error: 'faCameraSlash' is not exported from '@fortawesome/free-solid-svg-icons' (imported as 'faCameraSlash').
[0] 
[0] Import trace for requested module:
[0] ./app/secure/myaccount/tickets/[id]/page.tsx
[0] - [33mwarn[39m ./app/secure/myaccount/tickets/[id]/page.tsx
[0] Attempted import error: 'faCameraSlash' is not exported from '@fortawesome/free-solid-svg-icons' (imported as 'faCameraSlash').
[0] 
[0] Import trace for requested module:
[0] ./app/secure/myaccount/tickets/[id]/page.tsx
[0] 
[0] - [33mwarn[39m ./app/secure/myaccount/tickets/[id]/page.tsx
[0] Attempted import error: 'faCameraSlash' is not exported from '@fortawesome/free-solid-svg-icons' (imported as 'faCameraSlash').
[0] 
[0] Import trace for requested module:
[0] ./app/secure/myaccount/tickets/[id]/page.tsx
[0] - [36mwait[39m compiling /not-found (client and server)...
[0] - [31merror[39m Failed to generate static paths for /:
[0] Error: Cannot find module 'C:\Users\HP\Desktop\ZIPPER\WEBFIXX\DEV\Extra Tools\uefa\.next\build-manifest.json'
[0] Require stack:
[0] - C:\Users\HP\Desktop\ZIPPER\WEBFIXX\DEV\Extra Tools\uefa\node_modules\next\dist\server\load-components.js
[0] - C:\Users\HP\Desktop\ZIPPER\WEBFIXX\DEV\Extra Tools\uefa\node_modules\next\dist\build\utils.js
[0] - C:\Users\HP\Desktop\ZIPPER\WEBFIXX\DEV\Extra Tools\uefa\node_modules\next\dist\server\dev\static-paths-worker.js
[0] - C:\Users\HP\Desktop\ZIPPER\WEBFIXX\DEV\Extra Tools\uefa\node_modules\next\dist\compiled\jest-worker\processChild.js
[0] [90m    at Module._resolveFilename (node:internal/modules/cjs/loader:1144:15)[39m
[0]     at [90mC:\Users\HP\Desktop\ZIPPER\WEBFIXX\DEV\Extra Tools\uefa\[39mnode_modules\[4mnext[24m\dist\server\require-hook.js:188:36
[0] [90m    at Module._load (node:internal/modules/cjs/loader:985:27)[39m
[0] [90m    at Module.require (node:internal/modules/cjs/loader:1235:19)[39m
[0] [90m    at require (node:internal/modules/helpers:176:18)[39m
[0]     at loadManifest [90m(C:\Users\HP\Desktop\ZIPPER\WEBFIXX\DEV\Extra Tools\uefa\[39mnode_modules\[4mnext[24m\dist\server\load-components.js:51:20[90m)[39m
[0] [90m    at runNextTicks (node:internal/process/task_queues:60:5)[39m
[0] [90m    at listOnTimeout (node:internal/timers:540:9)[39m
[0] [90m    at process.processTimers (node:internal/timers:514:7)[39m
[0]     at async Promise.all (index 0) {
[0]   type: [32m'Error'[39m,
[0]   code: [32m'MODULE_NOT_FOUND'[39m,
[0]   requireStack: [
[0]     [32m'C:\\Users\\HP\\Desktop\\ZIPPER\\WEBFIXX\\DEV\\Extra Tools\\uefa\\node_modules\\next\\dist\\server\\load-components.js'[39m,
[0]     [32m'C:\\Users\\HP\\Desktop\\ZIPPER\\WEBFIXX\\DEV\\Extra Tools\\uefa\\node_modules\\next\\dist\\build\\utils.js'[39m,
[0]     [32m'C:\\Users\\HP\\Desktop\\ZIPPER\\WEBFIXX\\DEV\\Extra Tools\\uefa\\node_modules\\next\\dist\\server\\dev\\static-paths-worker.js'[39m,
[0]     [32m'C:\\Users\\HP\\Desktop\\ZIPPER\\WEBFIXX\\DEV\\Extra Tools\\uefa\\node_modules\\next\\dist\\compiled\\jest-worker\\processChild.js'[39m
[0]   ]
[0] }
[0] - [33mwarn[39m ./app/secure/myaccount/tickets/[id]/page.tsx
[0] Attempted import error: 'faCameraSlash' is not exported from '@fortawesome/free-solid-svg-icons' (imported as 'faCameraSlash').
[0] 
[0] Import trace for requested module:
[0] ./app/secure/myaccount/tickets/[id]/page.tsx
[0] Error: Cannot find module 'C:\Users\HP\Desktop\ZIPPER\WEBFIXX\DEV\Extra Tools\uefa\.next\build-manifest.json'
[0] Require stack:
[0] - C:\Users\HP\Desktop\ZIPPER\WEBFIXX\DEV\Extra Tools\uefa\node_modules\next\dist\server\load-components.js
[0] - C:\Users\HP\Desktop\ZIPPER\WEBFIXX\DEV\Extra Tools\uefa\node_modules\next\dist\build\utils.js
[0] - C:\Users\HP\Desktop\ZIPPER\WEBFIXX\DEV\Extra Tools\uefa\node_modules\next\dist\server\dev\static-paths-worker.js
[0] - C:\Users\HP\Desktop\ZIPPER\WEBFIXX\DEV\Extra Tools\uefa\node_modules\next\dist\compiled\jest-worker\processChild.js
[0] [90m    at Module._resolveFilename (node:internal/modules/cjs/loader:1144:15)[39m
[0]     at [90mC:\Users\HP\Desktop\ZIPPER\WEBFIXX\DEV\Extra Tools\uefa\[39mnode_modules\[4mnext[24m\dist\server\require-hook.js:188:36
[0] [90m    at Module._load (node:internal/modules/cjs/loader:985:27)[39m
[0] [90m    at Module.require (node:internal/modules/cjs/loader:1235:19)[39m
[0] [90m    at require (node:internal/modules/helpers:176:18)[39m
[0]     at loadManifest [90m(C:\Users\HP\Desktop\ZIPPER\WEBFIXX\DEV\Extra Tools\uefa\[39mnode_modules\[4mnext[24m\dist\server\load-components.js:51:20[90m)[39m
[0] [90m    at runNextTicks (node:internal/process/task_queues:60:5)[39m
[0] [90m    at listOnTimeout (node:internal/timers:540:9)[39m
[0] [90m    at process.processTimers (node:internal/timers:514:7)[39m
[0]     at async Promise.all (index 0) {
[0]   type: [32m'Error'[39m,
[0]   code: [32m'MODULE_NOT_FOUND'[39m,
[0]   requireStack: [
[0]     [32m'C:\\Users\\HP\\Desktop\\ZIPPER\\WEBFIXX\\DEV\\Extra Tools\\uefa\\node_modules\\next\\dist\\server\\load-components.js'[39m,
[0]     [32m'C:\\Users\\HP\\Desktop\\ZIPPER\\WEBFIXX\\DEV\\Extra Tools\\uefa\\node_modules\\next\\dist\\build\\utils.js'[39m,
[0]     [32m'C:\\Users\\HP\\Desktop\\ZIPPER\\WEBFIXX\\DEV\\Extra Tools\\uefa\\node_modules\\next\\dist\\server\\dev\\static-paths-worker.js'[39m,
[0]     [32m'C:\\Users\\HP\\Desktop\\ZIPPER\\WEBFIXX\\DEV\\Extra Tools\\uefa\\node_modules\\next\\dist\\compiled\\jest-worker\\processChild.js'[39m
[0]   ]
[0] }
[0] Error: Cannot find module 'C:\Users\HP\Desktop\ZIPPER\WEBFIXX\DEV\Extra Tools\uefa\.next\build-manifest.json'
[0] Require stack:
[0] - C:\Users\HP\Desktop\ZIPPER\WEBFIXX\DEV\Extra Tools\uefa\node_modules\next\dist\server\load-components.js
[0] - C:\Users\HP\Desktop\ZIPPER\WEBFIXX\DEV\Extra Tools\uefa\node_modules\next\dist\build\utils.js
[0] - C:\Users\HP\Desktop\ZIPPER\WEBFIXX\DEV\Extra Tools\uefa\node_modules\next\dist\server\dev\static-paths-worker.js
[0] - C:\Users\HP\Desktop\ZIPPER\WEBFIXX\DEV\Extra Tools\uefa\node_modules\next\dist\compiled\jest-worker\processChild.js
[0] [90m    at Module._resolveFilename (node:internal/modules/cjs/loader:1144:15)[39m
[0]     at [90mC:\Users\HP\Desktop\ZIPPER\WEBFIXX\DEV\Extra Tools\uefa\[39mnode_modules\[4mnext[24m\dist\server\require-hook.js:188:36
[0] [90m    at Module._load (node:internal/modules/cjs/loader:985:27)[39m
[0] [90m    at Module.require (node:internal/modules/cjs/loader:1235:19)[39m
[0] [90m    at require (node:internal/modules/helpers:176:18)[39m
[0]     at loadManifest [90m(C:\Users\HP\Desktop\ZIPPER\WEBFIXX\DEV\Extra Tools\uefa\[39mnode_modules\[4mnext[24m\dist\server\load-components.js:51:20[90m)[39m
[0] [90m    at runNextTicks (node:internal/process/task_queues:60:5)[39m
[0] [90m    at listOnTimeout (node:internal/timers:540:9)[39m
[0] [90m    at process.processTimers (node:internal/timers:514:7)[39m
[0]     at async Promise.all (index 0) {
[0]   type: [32m'Error'[39m,
[0]   code: [32m'MODULE_NOT_FOUND'[39m,
[0]   requireStack: [
[0]     [32m'C:\\Users\\HP\\Desktop\\ZIPPER\\WEBFIXX\\DEV\\Extra Tools\\uefa\\node_modules\\next\\dist\\server\\load-components.js'[39m,
[0]     [32m'C:\\Users\\HP\\Desktop\\ZIPPER\\WEBFIXX\\DEV\\Extra Tools\\uefa\\node_modules\\next\\dist\\build\\utils.js'[39m,
[0]     [32m'C:\\Users\\HP\\Desktop\\ZIPPER\\WEBFIXX\\DEV\\Extra Tools\\uefa\\node_modules\\next\\dist\\server\\dev\\static-paths-worker.js'[39m,
[0]     [32m'C:\\Users\\HP\\Desktop\\ZIPPER\\WEBFIXX\\DEV\\Extra Tools\\uefa\\node_modules\\next\\dist\\compiled\\jest-worker\\processChild.js'[39m
[0]   ]
[0] }
[0] Error: Cannot find module 'C:\Users\HP\Desktop\ZIPPER\WEBFIXX\DEV\Extra Tools\uefa\.next\build-manifest.json'
[0] Require stack:
[0] - C:\Users\HP\Desktop\ZIPPER\WEBFIXX\DEV\Extra Tools\uefa\node_modules\next\dist\server\load-components.js
[0] - C:\Users\HP\Desktop\ZIPPER\WEBFIXX\DEV\Extra Tools\uefa\node_modules\next\dist\build\utils.js
[0] - C:\Users\HP\Desktop\ZIPPER\WEBFIXX\DEV\Extra Tools\uefa\node_modules\next\dist\server\dev\static-paths-worker.js
[0] - C:\Users\HP\Desktop\ZIPPER\WEBFIXX\DEV\Extra Tools\uefa\node_modules\next\dist\compiled\jest-worker\processChild.js
[0] [90m    at Module._resolveFilename (node:internal/modules/cjs/loader:1144:15)[39m
[0]     at [90mC:\Users\HP\Desktop\ZIPPER\WEBFIXX\DEV\Extra Tools\uefa\[39mnode_modules\[4mnext[24m\dist\server\require-hook.js:188:36
[0] [90m    at Module._load (node:internal/modules/cjs/loader:985:27)[39m
[0] [90m    at Module.require (node:internal/modules/cjs/loader:1235:19)[39m
[0] [90m    at require (node:internal/modules/helpers:176:18)[39m
[0]     at loadManifest [90m(C:\Users\HP\Desktop\ZIPPER\WEBFIXX\DEV\Extra Tools\uefa\[39mnode_modules\[4mnext[24m\dist\server\load-components.js:51:20[90m)[39m
[0] [90m    at runNextTicks (node:internal/process/task_queues:60:5)[39m
[0] [90m    at listOnTimeout (node:internal/timers:540:9)[39m
[0] [90m    at process.processTimers (node:internal/timers:514:7)[39m
[0]     at async Promise.all (index 0) {
[0]   type: [32m'Error'[39m,
[0]   code: [32m'MODULE_NOT_FOUND'[39m,
[0]   requireStack: [
[0]     [32m'C:\\Users\\HP\\Desktop\\ZIPPER\\WEBFIXX\\DEV\\Extra Tools\\uefa\\node_modules\\next\\dist\\server\\load-components.js'[39m,
[0]     [32m'C:\\Users\\HP\\Desktop\\ZIPPER\\WEBFIXX\\DEV\\Extra Tools\\uefa\\node_modules\\next\\dist\\build\\utils.js'[39m,
[0]     [32m'C:\\Users\\HP\\Desktop\\ZIPPER\\WEBFIXX\\DEV\\Extra Tools\\uefa\\node_modules\\next\\dist\\server\\dev\\static-paths-worker.js'[39m,
[0]     [32m'C:\\Users\\HP\\Desktop\\ZIPPER\\WEBFIXX\\DEV\\Extra Tools\\uefa\\node_modules\\next\\dist\\compiled\\jest-worker\\processChild.js'[39m
[0]   ]
[0] }
[0] Error: Cannot find module 'C:\Users\HP\Desktop\ZIPPER\WEBFIXX\DEV\Extra Tools\uefa\.next\build-manifest.json'
[0] Require stack:
[0] - C:\Users\HP\Desktop\ZIPPER\WEBFIXX\DEV\Extra Tools\uefa\node_modules\next\dist\server\load-components.js
[0] - C:\Users\HP\Desktop\ZIPPER\WEBFIXX\DEV\Extra Tools\uefa\node_modules\next\dist\build\utils.js
[0] - C:\Users\HP\Desktop\ZIPPER\WEBFIXX\DEV\Extra Tools\uefa\node_modules\next\dist\server\dev\static-paths-worker.js
[0] - C:\Users\HP\Desktop\ZIPPER\WEBFIXX\DEV\Extra Tools\uefa\node_modules\next\dist\compiled\jest-worker\processChild.js
[0] [90m    at Module._resolveFilename (node:internal/modules/cjs/loader:1144:15)[39m
[0]     at [90mC:\Users\HP\Desktop\ZIPPER\WEBFIXX\DEV\Extra Tools\uefa\[39mnode_modules\[4mnext[24m\dist\server\require-hook.js:188:36
[0] [90m    at Module._load (node:internal/modules/cjs/loader:985:27)[39m
[0] [90m    at Module.require (node:internal/modules/cjs/loader:1235:19)[39m
[0] [90m    at require (node:internal/modules/helpers:176:18)[39m
[0]     at loadManifest [90m(C:\Users\HP\Desktop\ZIPPER\WEBFIXX\DEV\Extra Tools\uefa\[39mnode_modules\[4mnext[24m\dist\server\load-components.js:51:20[90m)[39m
[0] [90m    at runNextTicks (node:internal/process/task_queues:60:5)[39m
[0] [90m    at listOnTimeout (node:internal/timers:540:9)[39m
[0] [90m    at process.processTimers (node:internal/timers:514:7)[39m
[0]     at async Promise.all (index 0) {
[0]   type: [32m'Error'[39m,
[0]   code: [32m'MODULE_NOT_FOUND'[39m,
[0]   requireStack: [
[0]     [32m'C:\\Users\\HP\\Desktop\\ZIPPER\\WEBFIXX\\DEV\\Extra Tools\\uefa\\node_modules\\next\\dist\\server\\load-components.js'[39m,
[0]     [32m'C:\\Users\\HP\\Desktop\\ZIPPER\\WEBFIXX\\DEV\\Extra Tools\\uefa\\node_modules\\next\\dist\\build\\utils.js'[39m,
[0]     [32m'C:\\Users\\HP\\Desktop\\ZIPPER\\WEBFIXX\\DEV\\Extra Tools\\uefa\\node_modules\\next\\dist\\server\\dev\\static-paths-worker.js'[39m,
[0]     [32m'C:\\Users\\HP\\Desktop\\ZIPPER\\WEBFIXX\\DEV\\Extra Tools\\uefa\\node_modules\\next\\dist\\compiled\\jest-worker\\processChild.js'[39m
[0]   ]
[0] }
